<?xml version="1.0" encoding="UTF-8"?>
<!-- Generated by org.testng.reporters.JUnitReportReporter -->
<testsuite hostname="HSC-F2WSJC2" failures="0" tests="1" name="UserActions.ChequeBookRequest" time="74.517" errors="0" timestamp="2021-05-13T18:01:56 IST" skipped="0">
  <testcase classname="UserActions.ChequeBookRequest" name="chequeBookRequest" time="74.517"/>
  <system-out/>
</testsuite> <!-- UserActions.ChequeBookRequest -->
